<?xml version="1.0" encoding="UTF-8"?>
<!-- Generated by org.testng.reporters.JUnitXMLReporter -->
<testsuite hostname="DESKTOP-HEOVU1M" name="Surefire test" tests="17" failures="1" timestamp="2 Dec 2016 23:15:44 GMT" time="323.412" errors="0">
  <testcase name="testAddPdocutWithEmptyDeliveryAndCategory" time="7.734" classname="roi4cio.TestAddProduct"/>
  <testcase name="testAddProductCickOnYesInConfirmationPopup" time="11.022" classname="roi4cio.TestAddProduct"/>
  <testcase name="testAddProductCickOnYesInConfirmationPopupAfterErrors" time="12.147" classname="roi4cio.TestAddProduct"/>
  <testcase name="testAddProductConfirmationPopup" time="6.971" classname="roi4cio.TestAddProduct"/>
  <testcase name="testAddProductWithEmptyAllFields" time="9.764" classname="roi4cio.TestAddProduct"/>
  <testcase name="testAddProductWithEmptyCategory" time="7.261" classname="roi4cio.TestAddProduct"/>
  <testcase name="testAddProductWithEmptyMandatoryFields" time="6.977" classname="roi4cio.TestAddProduct"/>
  <testcase name="testAddProductWithFilledAllFields" time="13.071" classname="roi4cio.TestAddProduct"/>
  <testcase name="testAddProductWithoutCountry" time="9.559" classname="roi4cio.TestAddProduct"/>
  <testcase name="testAddProduct" time="6.568" classname="roi4cio.TestAddProduct"/>
  <testcase name="testAddProductWithSameName" time="7.115" classname="roi4cio.TestAddProduct">
    <failure type="java.lang.AssertionError" message="Product with the same title couldn&amp;apos;t be created expected [false] but found [true]">
      <![CDATA[java.lang.AssertionError: Product with the same title couldn't be created expected [false] but found [true]
	at roi4cio.TestAddProduct.testAddProductWithSameName(TestAddProduct.java:52)
... Removed 31 stack frames]]>
    </failure>
  </testcase> <!-- testAddProductWithSameName -->
  <testcase name="EmailAndPasswordFieldsAreEmpty" time="3.325" classname="roi4cio.TestLoginPage"/>
  <testcase name="EmailFieldIsEmpty" time="3.582" classname="roi4cio.TestLoginPage"/>
  <testcase name="InvalidInputDataForLogin" time="3.474" classname="roi4cio.TestLoginPage"/>
  <testcase name="LogoutAfterLogin" time="5.45" classname="roi4cio.TestLoginPage"/>
  <testcase name="PasswordFieldIsEmpty" time="3.379" classname="roi4cio.TestLoginPage"/>
  <testcase name="ValidInputDataForlogin" time="5.38" classname="roi4cio.TestLoginPage"/>
</testsuite> <!-- Surefire test -->
