<?xml version="1.0" encoding="UTF-8" standalone="yes"?>
<ns2:test-suite start="1480720221429" stop="1480720544847" xmlns:ns2="urn:model.allure.qatools.yandex.ru">
    <name>Surefire suite : Surefire test</name>
    <title>Surefire suite : Surefire test</title>
    <test-cases>
        <test-case start="1480720235159" stop="1480720242880" status="passed">
            <name>testAddPdocutWithEmptyDeliveryAndCategory</name>
            <steps/>
            <attachments/>
            <labels>
                <label name="host" value="DESKTOP-HEOVU1M"/>
                <label name="thread" value="4728@DESKTOP-HEOVU1M.main(1)"/>
            </labels>
        </test-case>
        <test-case start="1480720255861" stop="1480720266882" status="passed">
            <name>testAddProductCickOnYesInConfirmationPopup</name>
            <steps/>
            <attachments/>
            <labels>
                <label name="host" value="DESKTOP-HEOVU1M"/>
                <label name="thread" value="4728@DESKTOP-HEOVU1M.main(1)"/>
            </labels>
        </test-case>
        <test-case start="1480720280364" stop="1480720292510" status="passed">
            <name>testAddProductCickOnYesInConfirmationPopupAfterErrors</name>
            <steps/>
            <attachments/>
            <labels>
                <label name="host" value="DESKTOP-HEOVU1M"/>
                <label name="thread" value="4728@DESKTOP-HEOVU1M.main(1)"/>
            </labels>
        </test-case>
        <test-case start="1480720305267" stop="1480720312238" status="passed">
            <name>testAddProductConfirmationPopup</name>
            <steps/>
            <attachments/>
            <labels>
                <label name="host" value="DESKTOP-HEOVU1M"/>
                <label name="thread" value="4728@DESKTOP-HEOVU1M.main(1)"/>
            </labels>
        </test-case>
        <test-case start="1480720325040" stop="1480720334803" status="passed">
            <name>testAddProductWithEmptyAllFields</name>
            <steps/>
            <attachments/>
            <labels>
                <label name="host" value="DESKTOP-HEOVU1M"/>
                <label name="thread" value="4728@DESKTOP-HEOVU1M.main(1)"/>
            </labels>
        </test-case>
        <test-case start="1480720347803" stop="1480720355063" status="passed">
            <name>testAddProductWithEmptyCategory</name>
            <steps/>
            <attachments/>
            <labels>
                <label name="host" value="DESKTOP-HEOVU1M"/>
                <label name="thread" value="4728@DESKTOP-HEOVU1M.main(1)"/>
            </labels>
        </test-case>
        <test-case start="1480720367780" stop="1480720374757" status="passed">
            <name>testAddProductWithEmptyMandatoryFields</name>
            <steps/>
            <attachments/>
            <labels>
                <label name="host" value="DESKTOP-HEOVU1M"/>
                <label name="thread" value="4728@DESKTOP-HEOVU1M.main(1)"/>
            </labels>
        </test-case>
        <test-case start="1480720387591" stop="1480720400661" status="passed">
            <name>testAddProductWithFilledAllFields</name>
            <steps/>
            <attachments/>
            <labels>
                <label name="host" value="DESKTOP-HEOVU1M"/>
                <label name="thread" value="4728@DESKTOP-HEOVU1M.main(1)"/>
            </labels>
        </test-case>
        <test-case start="1480720415361" stop="1480720424919" status="passed">
            <name>testAddProductWithoutCountry</name>
            <steps/>
            <attachments/>
            <labels>
                <label name="host" value="DESKTOP-HEOVU1M"/>
                <label name="thread" value="4728@DESKTOP-HEOVU1M.main(1)"/>
            </labels>
        </test-case>
        <test-case start="1480720437563" stop="1480720444130" status="passed">
            <name>testAddProduct</name>
            <steps/>
            <attachments/>
            <labels>
                <label name="host" value="DESKTOP-HEOVU1M"/>
                <label name="thread" value="4728@DESKTOP-HEOVU1M.main(1)"/>
            </labels>
        </test-case>
        <test-case start="1480720456730" stop="1480720463855" status="failed">
            <name>testAddProductWithSameName</name>
            <failure>
                <message>AssertionError: Product with the same title couldn't be created expected [false] but found [true]</message>
                <stack-trace>java.lang.AssertionError: Product with the same title couldn't be created expected [false] but found [true]
	at org.testng.Assert.fail(Assert.java:94)
	at org.testng.Assert.failNotEquals(Assert.java:513)
	at org.testng.Assert.assertFalse(Assert.java:63)
	at roi4cio.TestAddProduct.testAddProductWithSameName(TestAddProduct.java:52)
	at sun.reflect.NativeMethodAccessorImpl.invoke0(Native Method)
	at sun.reflect.NativeMethodAccessorImpl.invoke(NativeMethodAccessorImpl.java:62)
	at sun.reflect.DelegatingMethodAccessorImpl.invoke(DelegatingMethodAccessorImpl.java:43)
	at java.lang.reflect.Method.invoke(Method.java:498)
	at org.testng.internal.MethodInvocationHelper.invokeMethod(MethodInvocationHelper.java:86)
	at org.testng.internal.Invoker.invokeMethod(Invoker.java:643)
	at org.testng.internal.Invoker.invokeTestMethod(Invoker.java:820)
	at org.testng.internal.Invoker.invokeTestMethods(Invoker.java:1128)
	at org.testng.internal.TestMethodWorker.invokeTestMethods(TestMethodWorker.java:129)
	at org.testng.internal.TestMethodWorker.run(TestMethodWorker.java:112)
	at org.testng.TestRunner.privateRun(TestRunner.java:782)
	at org.testng.TestRunner.run(TestRunner.java:632)
	at org.testng.SuiteRunner.runTest(SuiteRunner.java:366)
	at org.testng.SuiteRunner.runSequentially(SuiteRunner.java:361)
	at org.testng.SuiteRunner.privateRun(SuiteRunner.java:319)
	at org.testng.SuiteRunner.run(SuiteRunner.java:268)
	at org.testng.SuiteRunnerWorker.runSuite(SuiteRunnerWorker.java:52)
	at org.testng.SuiteRunnerWorker.run(SuiteRunnerWorker.java:86)
	at org.testng.TestNG.runSuitesSequentially(TestNG.java:1244)
	at org.testng.TestNG.runSuitesLocally(TestNG.java:1169)
	at org.testng.TestNG.run(TestNG.java:1064)
	at org.apache.maven.surefire.testng.TestNGExecutor.run(TestNGExecutor.java:132)
	at org.apache.maven.surefire.testng.TestNGDirectoryTestSuite.executeMulti(TestNGDirectoryTestSuite.java:193)
	at org.apache.maven.surefire.testng.TestNGDirectoryTestSuite.execute(TestNGDirectoryTestSuite.java:94)
	at org.apache.maven.surefire.testng.TestNGProvider.invoke(TestNGProvider.java:147)
	at org.apache.maven.surefire.booter.ForkedBooter.invokeProviderInSameClassLoader(ForkedBooter.java:290)
	at org.apache.maven.surefire.booter.ForkedBooter.runSuitesInProcess(ForkedBooter.java:242)
	at org.apache.maven.surefire.booter.ForkedBooter.main(ForkedBooter.java:121)
</stack-trace>
            </failure>
            <steps/>
            <attachments/>
            <labels>
                <label name="host" value="DESKTOP-HEOVU1M"/>
                <label name="thread" value="4728@DESKTOP-HEOVU1M.main(1)"/>
            </labels>
        </test-case>
        <test-case start="1480720473253" stop="1480720476576" status="passed">
            <name>EmailAndPasswordFieldsAreEmpty</name>
            <steps/>
            <attachments/>
            <labels>
                <label name="host" value="DESKTOP-HEOVU1M"/>
                <label name="thread" value="4728@DESKTOP-HEOVU1M.main(1)"/>
            </labels>
        </test-case>
        <test-case start="1480720485916" stop="1480720489497" status="passed">
            <name>EmailFieldIsEmpty</name>
            <steps/>
            <attachments/>
            <labels>
                <label name="host" value="DESKTOP-HEOVU1M"/>
                <label name="thread" value="4728@DESKTOP-HEOVU1M.main(1)"/>
            </labels>
        </test-case>
        <test-case start="1480720498722" stop="1480720502196" status="passed">
            <name>InvalidInputDataForLogin</name>
            <steps/>
            <attachments/>
            <labels>
                <label name="host" value="DESKTOP-HEOVU1M"/>
                <label name="thread" value="4728@DESKTOP-HEOVU1M.main(1)"/>
            </labels>
        </test-case>
        <test-case start="1480720511617" stop="1480720517066" status="passed">
            <name>LogoutAfterLogin</name>
            <steps/>
            <attachments/>
            <labels>
                <label name="host" value="DESKTOP-HEOVU1M"/>
                <label name="thread" value="4728@DESKTOP-HEOVU1M.main(1)"/>
            </labels>
        </test-case>
        <test-case start="1480720526437" stop="1480720529815" status="passed">
            <name>PasswordFieldIsEmpty</name>
            <steps/>
            <attachments/>
            <labels>
                <label name="host" value="DESKTOP-HEOVU1M"/>
                <label name="thread" value="4728@DESKTOP-HEOVU1M.main(1)"/>
            </labels>
        </test-case>
        <test-case start="1480720539206" stop="1480720544585" status="passed">
            <name>ValidInputDataForlogin</name>
            <steps/>
            <attachments/>
            <labels>
                <label name="host" value="DESKTOP-HEOVU1M"/>
                <label name="thread" value="4728@DESKTOP-HEOVU1M.main(1)"/>
            </labels>
        </test-case>
    </test-cases>
    <labels>
        <label name="framework" value="TestNG"/>
        <label name="language" value="JAVA"/>
    </labels>
</ns2:test-suite>
