<!DOCTYPE html PUBLIC "-//W3C//DTD XHTML 1.1//EN" "http://www.w3.org/TR/xhtml11/DTD/xhtml11.dtd">
<html xmlns="http://www.w3.org/1999/xhtml"><head><title>TestNG Report</title><style type="text/css">table {margin-bottom:10px;border-collapse:collapse;empty-cells:show}th,td {border:1px solid #009;padding:.25em .5em}th {vertical-align:bottom}td {vertical-align:top}table a {font-weight:bold}.stripe td {background-color: #E6EBF9}.num {text-align:right}.passedodd td {background-color: #3F3}.passedeven td {background-color: #0A0}.skippedodd td {background-color: #DDD}.skippedeven td {background-color: #CCC}.failedodd td,.attn {background-color: #F33}.failedeven td,.stripe .attn {background-color: #D00}.stacktrace {white-space:pre;font-family:monospace}.totop {font-size:85%;text-align:center;border-bottom:2px solid #000}</style></head><body><table><tr><th>Test</th><th># Passed</th><th># Skipped</th><th># Failed</th><th>Time (ms)</th><th>Included Groups</th><th>Excluded Groups</th></tr><tr><th colspan="7">Surefire suite</th></tr><tr><td><a href="#t0">Surefire test</a></td><td class="num">14</td><td class="num attn">1</td><td class="num attn">2</td><td class="num">312 668</td><td></td><td></td></tr></table><table><thead><tr><th>Class</th><th>Method</th><th>Start</th><th>Time (ms)</th></tr></thead><tbody><tr><th colspan="4">Surefire suite</th></tr></tbody><tbody id="t0"><tr><th colspan="4">Surefire test &#8212; failed (configuration methods)</th></tr><tr class="failedeven"><td rowspan="2">roi4cio.TestLoginPage</td><td><a href="#m0">setUp</a></td><td rowspan="1">1480761086556</td><td rowspan="1">0</td></tr><tr class="failedeven"><td><a href="#m1">tearDown</a></td><td rowspan="1">1480761091086</td><td rowspan="1">0</td></tr><tr><th colspan="4">Surefire test &#8212; failed</th></tr><tr class="failedeven"><td rowspan="2">roi4cio.TestAddProduct</td><td><a href="#m2">testAddProductConfirmationPopup</a></td><td rowspan="1">1480760854282</td><td rowspan="1">35596</td></tr><tr class="failedeven"><td><a href="#m3">testAddProductWithSameName</a></td><td rowspan="1">1480761022074</td><td rowspan="1">6723</td></tr><tr><th colspan="4">Surefire test &#8212; skipped</th></tr><tr class="skippedeven"><td rowspan="1">roi4cio.TestLoginPage</td><td><a href="#m4">ValidInputDataForlogin</a></td><td rowspan="1">1480761091082</td><td rowspan="1">0</td></tr><tr><th colspan="4">Surefire test &#8212; passed</th></tr><tr class="passedeven"><td rowspan="9">roi4cio.TestAddProduct</td><td><a href="#m5">testAddPdocutWithEmptyDeliveryAndCategory</a></td><td rowspan="1">1480760791100</td><td rowspan="1">6507</td></tr><tr class="passedeven"><td><a href="#m6">testAddProduct</a></td><td rowspan="1">1480761002071</td><td rowspan="1">6453</td></tr><tr class="passedeven"><td><a href="#m7">testAddProductCickOnYesInConfirmationPopup</a></td><td rowspan="1">1480760808656</td><td rowspan="1">10265</td></tr><tr class="passedeven"><td><a href="#m8">testAddProductCickOnYesInConfirmationPopupAfterErrors</a></td><td rowspan="1">1480760830968</td><td rowspan="1">12005</td></tr><tr class="passedeven"><td><a href="#m9">testAddProductWithEmptyAllFields</a></td><td rowspan="1">1480760901029</td><td rowspan="1">7465</td></tr><tr class="passedeven"><td><a href="#m10">testAddProductWithEmptyCategory</a></td><td rowspan="1">1480760919723</td><td rowspan="1">6690</td></tr><tr class="passedeven"><td><a href="#m11">testAddProductWithEmptyMandatoryFields</a></td><td rowspan="1">1480760936971</td><td rowspan="1">7520</td></tr><tr class="passedeven"><td><a href="#m12">testAddProductWithFilledAllFields</a></td><td rowspan="1">1480760955504</td><td rowspan="1">13134</td></tr><tr class="passedeven"><td><a href="#m13">testAddProductWithoutCountry</a></td><td rowspan="1">1480760981769</td><td rowspan="1">8849</td></tr><tr class="passedodd"><td rowspan="5">roi4cio.TestLoginPage</td><td><a href="#m14">EmailAndPasswordFieldsAreEmpty</a></td><td rowspan="1">1480761039534</td><td rowspan="1">1873</td></tr><tr class="passedodd"><td><a href="#m15">EmailFieldIsEmpty</a></td><td rowspan="1">1480761049779</td><td rowspan="1">2019</td></tr><tr class="passedodd"><td><a href="#m16">InvalidInputDataForLogin</a></td><td rowspan="1">1480761060279</td><td rowspan="1">2172</td></tr><tr class="passedodd"><td><a href="#m17">LogoutAfterLogin</a></td><td rowspan="1">1480761071133</td><td rowspan="1">3945</td></tr><tr class="passedodd"><td><a href="#m18">PasswordFieldIsEmpty</a></td><td rowspan="1">1480761083906</td><td rowspan="1">2343</td></tr></tbody></table><h2>Surefire test</h2><h3 id="m0">roi4cio.TestLoginPage#setUp</h3><table class="result"><tr><th>Exception</th></tr><tr><td><div class="stacktrace">org.openqa.selenium.WebDriverException: Failed to decode response from marionette
Build info: version: &apos;3.0.1&apos;, revision: &apos;1969d75&apos;, time: &apos;2016-10-18 09:49:13 -0700&apos;
System info: host: &apos;DESKTOP-HEOVU1M&apos;, ip: &apos;192.168.0.102&apos;, os.name: &apos;Windows 10&apos;, os.arch: &apos;amd64&apos;, os.version: &apos;10.0&apos;, java.version: &apos;1.8.0_91&apos;
Driver info: org.openqa.selenium.firefox.FirefoxDriver
Capabilities [{rotatable=false, raisesAccessibilityExceptions=false, marionette=true, firefoxOptions={args=[], prefs={}}, appBuildId=20161129173726, version=, platform=XP, proxy={}, command_id=1, specificationLevel=0, acceptSslCerts=false, processId=5164, browserVersion=50.0.2, platformVersion=10.0, XULappId={ec8030f7-c20a-464f-9b0e-13a3a9e97384}, browserName=firefox, takesScreenshot=true, takesElementScreenshot=true, platformName=windows_nt}]
Session ID: b30462d9-8626-49de-a035-2ea038e30529
	at org.openqa.selenium.remote.http.W3CHttpResponseCodec.createException(W3CHttpResponseCodec.java:127)
	at org.openqa.selenium.remote.http.W3CHttpResponseCodec.decode(W3CHttpResponseCodec.java:93)
	at org.openqa.selenium.remote.http.W3CHttpResponseCodec.decode(W3CHttpResponseCodec.java:42)
	at org.openqa.selenium.remote.HttpCommandExecutor.execute(HttpCommandExecutor.java:163)
	at org.openqa.selenium.remote.service.DriverCommandExecutor.execute(DriverCommandExecutor.java:82)
	at org.openqa.selenium.remote.RemoteWebDriver.execute(RemoteWebDriver.java:601)
	at org.openqa.selenium.remote.RemoteWebDriver.get(RemoteWebDriver.java:322)
	at roi4cio.login.ROI4CIO.roi4cioHomePage(ROI4CIO.java:21)
	at roi4cio.TestLoginPage.setUp(TestLoginPage.java:27)
... Removed 34 stack frames</div></td></tr></table><p class="totop"><a href="#summary">back to summary</a></p><h3 id="m1">roi4cio.TestLoginPage#tearDown</h3><table class="result"><tr><th>Exception</th></tr><tr><td><div class="stacktrace">org.openqa.selenium.WebDriverException: Tried to run command without establishing a connection
Build info: version: &apos;3.0.1&apos;, revision: &apos;1969d75&apos;, time: &apos;2016-10-18 09:49:13 -0700&apos;
System info: host: &apos;DESKTOP-HEOVU1M&apos;, ip: &apos;192.168.0.102&apos;, os.name: &apos;Windows 10&apos;, os.arch: &apos;amd64&apos;, os.version: &apos;10.0&apos;, java.version: &apos;1.8.0_91&apos;
Driver info: org.openqa.selenium.firefox.FirefoxDriver
Capabilities [{rotatable=false, raisesAccessibilityExceptions=false, marionette=true, firefoxOptions={args=[], prefs={}}, appBuildId=20161129173726, version=, platform=XP, proxy={}, command_id=1, specificationLevel=0, acceptSslCerts=false, processId=5164, browserVersion=50.0.2, platformVersion=10.0, XULappId={ec8030f7-c20a-464f-9b0e-13a3a9e97384}, browserName=firefox, takesScreenshot=true, takesElementScreenshot=true, platformName=windows_nt}]
Session ID: b30462d9-8626-49de-a035-2ea038e30529
	at org.openqa.selenium.remote.http.W3CHttpResponseCodec.createException(W3CHttpResponseCodec.java:127)
	at org.openqa.selenium.remote.http.W3CHttpResponseCodec.decode(W3CHttpResponseCodec.java:93)
	at org.openqa.selenium.remote.http.W3CHttpResponseCodec.decode(W3CHttpResponseCodec.java:42)
	at org.openqa.selenium.remote.HttpCommandExecutor.execute(HttpCommandExecutor.java:163)
	at org.openqa.selenium.remote.service.DriverCommandExecutor.execute(DriverCommandExecutor.java:82)
	at org.openqa.selenium.remote.RemoteWebDriver.execute(RemoteWebDriver.java:601)
	at org.openqa.selenium.remote.RemoteWebDriver.execute(RemoteWebDriver.java:658)
	at org.openqa.selenium.remote.RemoteWebDriver.quit(RemoteWebDriver.java:497)
	at roi4cio.login.ROI4CIO.close(ROI4CIO.java:29)
	at roi4cio.TestLoginPage.tearDown(TestLoginPage.java:76)
... Removed 34 stack frames</div></td></tr></table><p class="totop"><a href="#summary">back to summary</a></p><h3 id="m2">roi4cio.TestAddProduct#testAddProductConfirmationPopup</h3><table class="result"><tr><th>Exception</th></tr><tr><td><div class="stacktrace">org.openqa.selenium.TimeoutException: Expected condition failed: waiting for visibility of all elements located by By.xpath: //*[@class=&apos;modal_template_1&apos;] (tried for 10 second(s) with 500 MILLISECONDS interval)
Build info: version: &apos;3.0.1&apos;, revision: &apos;1969d75&apos;, time: &apos;2016-10-18 09:49:13 -0700&apos;
System info: host: &apos;DESKTOP-HEOVU1M&apos;, ip: &apos;192.168.0.102&apos;, os.name: &apos;Windows 10&apos;, os.arch: &apos;amd64&apos;, os.version: &apos;10.0&apos;, java.version: &apos;1.8.0_91&apos;
Driver info: org.openqa.selenium.firefox.FirefoxDriver
Capabilities [{rotatable=false, raisesAccessibilityExceptions=false, marionette=true, firefoxOptions={args=[], prefs={}}, appBuildId=20161129173726, version=, platform=XP, proxy={}, command_id=1, specificationLevel=0, acceptSslCerts=false, processId=3912, browserVersion=50.0.2, platformVersion=10.0, XULappId={ec8030f7-c20a-464f-9b0e-13a3a9e97384}, browserName=firefox, takesScreenshot=true, takesElementScreenshot=true, platformName=windows_nt}]
Session ID: 21ec3319-668f-4d27-b94e-a99cd3e9300b
	at org.openqa.selenium.support.ui.WebDriverWait.timeoutException(WebDriverWait.java:80)
	at org.openqa.selenium.support.ui.FluentWait.until(FluentWait.java:265)
	at roi4cio.login.AddProductPage.Popup(AddProductPage.java:123)
	at roi4cio.TestAddProduct.testAddProductConfirmationPopup(TestAddProduct.java:118)
... Removed 28 stack frames</div></td></tr></table><p class="totop"><a href="#summary">back to summary</a></p><h3 id="m3">roi4cio.TestAddProduct#testAddProductWithSameName</h3><table class="result"><tr><th>Exception</th></tr><tr><td><div class="stacktrace">java.lang.AssertionError: Product with the same title couldn&apos;t be created expected [false] but found [true]
	at roi4cio.TestAddProduct.testAddProductWithSameName(TestAddProduct.java:52)
... Removed 31 stack frames</div></td></tr></table><p class="totop"><a href="#summary">back to summary</a></p><h3 id="m4">roi4cio.TestLoginPage#ValidInputDataForlogin</h3><table class="result"></table><p class="totop"><a href="#summary">back to summary</a></p><h3 id="m5">roi4cio.TestAddProduct#testAddPdocutWithEmptyDeliveryAndCategory</h3><table class="result"></table><p class="totop"><a href="#summary">back to summary</a></p><h3 id="m6">roi4cio.TestAddProduct#testAddProduct</h3><table class="result"></table><p class="totop"><a href="#summary">back to summary</a></p><h3 id="m7">roi4cio.TestAddProduct#testAddProductCickOnYesInConfirmationPopup</h3><table class="result"></table><p class="totop"><a href="#summary">back to summary</a></p><h3 id="m8">roi4cio.TestAddProduct#testAddProductCickOnYesInConfirmationPopupAfterErrors</h3><table class="result"></table><p class="totop"><a href="#summary">back to summary</a></p><h3 id="m9">roi4cio.TestAddProduct#testAddProductWithEmptyAllFields</h3><table class="result"></table><p class="totop"><a href="#summary">back to summary</a></p><h3 id="m10">roi4cio.TestAddProduct#testAddProductWithEmptyCategory</h3><table class="result"></table><p class="totop"><a href="#summary">back to summary</a></p><h3 id="m11">roi4cio.TestAddProduct#testAddProductWithEmptyMandatoryFields</h3><table class="result"></table><p class="totop"><a href="#summary">back to summary</a></p><h3 id="m12">roi4cio.TestAddProduct#testAddProductWithFilledAllFields</h3><table class="result"></table><p class="totop"><a href="#summary">back to summary</a></p><h3 id="m13">roi4cio.TestAddProduct#testAddProductWithoutCountry</h3><table class="result"></table><p class="totop"><a href="#summary">back to summary</a></p><h3 id="m14">roi4cio.TestLoginPage#EmailAndPasswordFieldsAreEmpty</h3><table class="result"></table><p class="totop"><a href="#summary">back to summary</a></p><h3 id="m15">roi4cio.TestLoginPage#EmailFieldIsEmpty</h3><table class="result"></table><p class="totop"><a href="#summary">back to summary</a></p><h3 id="m16">roi4cio.TestLoginPage#InvalidInputDataForLogin</h3><table class="result"></table><p class="totop"><a href="#summary">back to summary</a></p><h3 id="m17">roi4cio.TestLoginPage#LogoutAfterLogin</h3><table class="result"></table><p class="totop"><a href="#summary">back to summary</a></p><h3 id="m18">roi4cio.TestLoginPage#PasswordFieldIsEmpty</h3><table class="result"></table><p class="totop"><a href="#summary">back to summary</a></p></body></html>