<?xml version="1.0" encoding="UTF-8"?>
<testsuite xmlns:xsi="http://www.w3.org/2001/XMLSchema-instance" xsi:schemaLocation="https://maven.apache.org/surefire/maven-surefire-plugin/xsd/surefire-test-report.xsd" name="TestSuite" time="324.061" tests="17" errors="0" skipped="0" failures="1">
  <properties>
    <property name="java.runtime.name" value="Java(TM) SE Runtime Environment"/>
    <property name="sun.boot.library.path" value="C:\Program Files\Java\jdk1.8.0_91\jre\bin"/>
    <property name="java.vm.version" value="25.91-b15"/>
    <property name="java.vm.vendor" value="Oracle Corporation"/>
    <property name="maven.multiModuleProjectDirectory" value="C:/курси/локатори/eclipse course/roi4cio"/>
    <property name="java.vendor.url" value="http://java.oracle.com/"/>
    <property name="path.separator" value=";"/>
    <property name="guice.disable.misplaced.annotation.check" value="true"/>
    <property name="java.vm.name" value="Java HotSpot(TM) 64-Bit Server VM"/>
    <property name="file.encoding.pkg" value="sun.io"/>
    <property name="user.script" value=""/>
    <property name="user.country" value="RU"/>
    <property name="sun.java.launcher" value="SUN_STANDARD"/>
    <property name="sun.os.patch.level" value=""/>
    <property name="java.vm.specification.name" value="Java Virtual Machine Specification"/>
    <property name="user.dir" value="C:\курси\локатори\eclipse course\roi4cio"/>
    <property name="java.runtime.version" value="1.8.0_91-b15"/>
    <property name="java.awt.graphicsenv" value="sun.awt.Win32GraphicsEnvironment"/>
    <property name="java.endorsed.dirs" value="C:\Program Files\Java\jdk1.8.0_91\jre\lib\endorsed"/>
    <property name="os.arch" value="amd64"/>
    <property name="java.io.tmpdir" value="C:\Users\Lenovo\AppData\Local\Temp\"/>
    <property name="line.separator" value="&#10;"/>
    <property name="java.vm.specification.vendor" value="Oracle Corporation"/>
    <property name="user.variant" value=""/>
    <property name="os.name" value="Windows 10"/>
    <property name="classworlds.conf" value="C:/курси/apache-maven-3.3.9/bin/m2.conf"/>
    <property name="sun.jnu.encoding" value="Cp1251"/>
    <property name="java.library.path" value="C:\Program Files\Java\jdk1.8.0_91\bin;C:\WINDOWS\Sun\Java\bin;C:\WINDOWS\system32;C:\WINDOWS;C:\Users\Lenovo\bin;C:\Program Files\Git\mingw64\bin;C:\Program Files\Git\usr\local\bin;C:\Program Files\Git\usr\bin;C:\Program Files\Git\usr\bin;C:\Program Files\Git\mingw64\bin;C:\Program Files\Git\usr\bin;C:\Users\Lenovo\bin;C:\Program Files\Java\jdk1.8.0_91\bin;C:\ProgramData\Oracle\Java\javapath;C:\WINDOWS\system32;C:\WINDOWS;C:\WINDOWS\System32\Wbem;C:\WINDOWS\System32\WindowsPowerShell\v1.0;C:\Program Files (x86)\Skype\Phone;C:\Program Files\Git\cmd;C:\курси\apache-maven-3.3.9\bin;C:\Users\Lenovo\AppData\Local\Android\sdk\tools;C:\Users\Lenovo\AppData\Local\Android\sdk\platform-tools;C:\Program Files\nodejs;C:\Users\Lenovo\AppData\Roaming\npm;C:\Program Files\Git\usr\bin\vendor_perl;C:\Program Files\Git\usr\bin\core_perl;."/>
    <property name="java.specification.name" value="Java Platform API Specification"/>
    <property name="java.class.version" value="52.0"/>
    <property name="sun.management.compiler" value="HotSpot 64-Bit Tiered Compilers"/>
    <property name="os.version" value="10.0"/>
    <property name="user.home" value="C:\Users\Lenovo"/>
    <property name="user.timezone" value="Europe/Helsinki"/>
    <property name="java.awt.printerjob" value="sun.awt.windows.WPrinterJob"/>
    <property name="java.specification.version" value="1.8"/>
    <property name="file.encoding" value="Cp1251"/>
    <property name="user.name" value="Lenovo"/>
    <property name="java.class.path" value="C:/курси/apache-maven-3.3.9/boot/plexus-classworlds-2.5.2.jar"/>
    <property name="java.vm.specification.version" value="1.8"/>
    <property name="sun.arch.data.model" value="64"/>
    <property name="java.home" value="C:\Program Files\Java\jdk1.8.0_91\jre"/>
    <property name="sun.java.command" value="org.codehaus.plexus.classworlds.launcher.Launcher test"/>
    <property name="java.specification.vendor" value="Oracle Corporation"/>
    <property name="user.language" value="ru"/>
    <property name="awt.toolkit" value="sun.awt.windows.WToolkit"/>
    <property name="java.vm.info" value="mixed mode"/>
    <property name="java.version" value="1.8.0_91"/>
    <property name="java.ext.dirs" value="C:\Program Files\Java\jdk1.8.0_91\jre\lib\ext;C:\WINDOWS\Sun\Java\lib\ext"/>
    <property name="sun.boot.class.path" value="C:\Program Files\Java\jdk1.8.0_91\jre\lib\resources.jar;C:\Program Files\Java\jdk1.8.0_91\jre\lib\rt.jar;C:\Program Files\Java\jdk1.8.0_91\jre\lib\sunrsasign.jar;C:\Program Files\Java\jdk1.8.0_91\jre\lib\jsse.jar;C:\Program Files\Java\jdk1.8.0_91\jre\lib\jce.jar;C:\Program Files\Java\jdk1.8.0_91\jre\lib\charsets.jar;C:\Program Files\Java\jdk1.8.0_91\jre\lib\jfr.jar;C:\Program Files\Java\jdk1.8.0_91\jre\classes"/>
    <property name="sun.stderr.encoding" value="cp866"/>
    <property name="java.vendor" value="Oracle Corporation"/>
    <property name="maven.home" value="C:\курси\apache-maven-3.3.9"/>
    <property name="file.separator" value="\"/>
    <property name="java.vendor.url.bug" value="http://bugreport.sun.com/bugreport/"/>
    <property name="sun.cpu.endian" value="little"/>
    <property name="sun.io.unicode.encoding" value="UnicodeLittle"/>
    <property name="sun.stdout.encoding" value="cp866"/>
    <property name="sun.desktop" value="windows"/>
    <property name="sun.cpu.isalist" value="amd64"/>
  </properties>
  <testcase name="testAddPdocutWithEmptyDeliveryAndCategory" classname="roi4cio.TestAddProduct" time="7.734"/>
  <testcase name="testAddProductCickOnYesInConfirmationPopup" classname="roi4cio.TestAddProduct" time="11.021"/>
  <testcase name="testAddProductCickOnYesInConfirmationPopupAfterErrors" classname="roi4cio.TestAddProduct" time="12.149"/>
  <testcase name="testAddProductConfirmationPopup" classname="roi4cio.TestAddProduct" time="6.972"/>
  <testcase name="testAddProductWithEmptyAllFields" classname="roi4cio.TestAddProduct" time="9.762"/>
  <testcase name="testAddProductWithEmptyCategory" classname="roi4cio.TestAddProduct" time="7.261"/>
  <testcase name="testAddProductWithEmptyMandatoryFields" classname="roi4cio.TestAddProduct" time="6.979"/>
  <testcase name="testAddProductWithFilledAllFields" classname="roi4cio.TestAddProduct" time="13.071"/>
  <testcase name="testAddProductWithoutCountry" classname="roi4cio.TestAddProduct" time="9.559"/>
  <testcase name="testAddProduct" classname="roi4cio.TestAddProduct" time="6.568"/>
  <testcase name="testAddProductWithSameName" classname="roi4cio.TestAddProduct" time="7.124">
    <failure message="Product with the same title couldn&apos;t be created expected [false] but found [true]" type="java.lang.AssertionError">java.lang.AssertionError: Product with the same title couldn't be created expected [false] but found [true]
	at roi4cio.TestAddProduct.testAddProductWithSameName(TestAddProduct.java:52)
</failure>
    <system-err><![CDATA[1480720444438	geckodriver	INFO	Listening on 127.0.0.1:31218
дек 03, 2016 1:14:04 AM org.openqa.selenium.remote.ProtocolHandshake createSession
INFO: Attempting bi-dialect session, assuming Postel's Law holds true on the remote end
1480720444916	mozprofile::profile	INFO	Using profile path C:\Users\Lenovo\AppData\Local\Temp\rust_mozprofile.66CK9BmZeafI
1480720444927	geckodriver::marionette	INFO	Starting browser C:\Program Files\Mozilla Firefox\firefox.exe
1480720444946	geckodriver::marionette	INFO	Connecting to Marionette on localhost:53177
1480720445644	Marionette	INFO	Listening on port 53177
дек 03, 2016 1:14:07 AM org.openqa.selenium.remote.ProtocolHandshake createSession
INFO: Detected dialect: W3C
]]></system-err>
  </testcase>
  <testcase name="EmailAndPasswordFieldsAreEmpty" classname="roi4cio.TestLoginPage" time="3.325"/>
  <testcase name="EmailFieldIsEmpty" classname="roi4cio.TestLoginPage" time="3.582"/>
  <testcase name="InvalidInputDataForLogin" classname="roi4cio.TestLoginPage" time="3.474"/>
  <testcase name="LogoutAfterLogin" classname="roi4cio.TestLoginPage" time="5.449"/>
  <testcase name="PasswordFieldIsEmpty" classname="roi4cio.TestLoginPage" time="3.379"/>
  <testcase name="ValidInputDataForlogin" classname="roi4cio.TestLoginPage" time="5.38"/>
</testsuite>