<?xml version="1.0" encoding="UTF-8"?>
<testng-results skipped="1" failed="2" total="17" passed="14">
  <reporter-output>
  </reporter-output>
  <suite name="Surefire suite" duration-ms="312668" started-at="2016-12-03T10:26:18Z" finished-at="2016-12-03T10:31:31Z">
    <groups>
    </groups>
    <test name="Surefire test" duration-ms="312668" started-at="2016-12-03T10:26:18Z" finished-at="2016-12-03T10:31:31Z">
      <class name="roi4cio.TestLoginPage">
        <test-method status="PASS" signature="setUp()[pri:0, instance:roi4cio.TestLoginPage@5622fdf]" name="setUp" is-config="true" duration-ms="10465" started-at="2016-12-03T12:30:29Z" finished-at="2016-12-03T12:30:39Z">
          <reporter-output>
          </reporter-output>
        </test-method> <!-- setUp -->
        <test-method status="PASS" signature="EmailAndPasswordFieldsAreEmpty()[pri:0, instance:roi4cio.TestLoginPage@5622fdf]" name="EmailAndPasswordFieldsAreEmpty" duration-ms="1873" started-at="2016-12-03T12:30:39Z" finished-at="2016-12-03T12:30:41Z">
          <reporter-output>
          </reporter-output>
        </test-method> <!-- EmailAndPasswordFieldsAreEmpty -->
        <test-method status="PASS" signature="tearDown()[pri:0, instance:roi4cio.TestLoginPage@5622fdf]" name="tearDown" is-config="true" duration-ms="248" started-at="2016-12-03T12:30:41Z" finished-at="2016-12-03T12:30:41Z">
          <reporter-output>
          </reporter-output>
        </test-method> <!-- tearDown -->
        <test-method status="PASS" signature="setUp()[pri:0, instance:roi4cio.TestLoginPage@5622fdf]" name="setUp" is-config="true" duration-ms="8123" started-at="2016-12-03T12:30:41Z" finished-at="2016-12-03T12:30:49Z">
          <reporter-output>
          </reporter-output>
        </test-method> <!-- setUp -->
        <test-method status="PASS" signature="EmailFieldIsEmpty()[pri:0, instance:roi4cio.TestLoginPage@5622fdf]" name="EmailFieldIsEmpty" duration-ms="2019" started-at="2016-12-03T12:30:49Z" finished-at="2016-12-03T12:30:51Z">
          <reporter-output>
          </reporter-output>
        </test-method> <!-- EmailFieldIsEmpty -->
        <test-method status="PASS" signature="tearDown()[pri:0, instance:roi4cio.TestLoginPage@5622fdf]" name="tearDown" is-config="true" duration-ms="265" started-at="2016-12-03T12:30:51Z" finished-at="2016-12-03T12:30:52Z">
          <reporter-output>
          </reporter-output>
        </test-method> <!-- tearDown -->
        <test-method status="PASS" signature="setUp()[pri:0, instance:roi4cio.TestLoginPage@5622fdf]" name="setUp" is-config="true" duration-ms="8216" started-at="2016-12-03T12:30:52Z" finished-at="2016-12-03T12:31:00Z">
          <reporter-output>
          </reporter-output>
        </test-method> <!-- setUp -->
        <test-method status="PASS" signature="InvalidInputDataForLogin()[pri:0, instance:roi4cio.TestLoginPage@5622fdf]" name="InvalidInputDataForLogin" duration-ms="2172" started-at="2016-12-03T12:31:00Z" finished-at="2016-12-03T12:31:02Z">
          <reporter-output>
          </reporter-output>
        </test-method> <!-- InvalidInputDataForLogin -->
        <test-method status="PASS" signature="tearDown()[pri:0, instance:roi4cio.TestLoginPage@5622fdf]" name="tearDown" is-config="true" duration-ms="266" started-at="2016-12-03T12:31:02Z" finished-at="2016-12-03T12:31:02Z">
          <reporter-output>
          </reporter-output>
        </test-method> <!-- tearDown -->
        <test-method status="PASS" signature="setUp()[pri:0, instance:roi4cio.TestLoginPage@5622fdf]" name="setUp" is-config="true" duration-ms="8416" started-at="2016-12-03T12:31:02Z" finished-at="2016-12-03T12:31:11Z">
          <reporter-output>
          </reporter-output>
        </test-method> <!-- setUp -->
        <test-method status="PASS" signature="LogoutAfterLogin()[pri:0, instance:roi4cio.TestLoginPage@5622fdf]" name="LogoutAfterLogin" duration-ms="3945" started-at="2016-12-03T12:31:11Z" finished-at="2016-12-03T12:31:15Z">
          <reporter-output>
          </reporter-output>
        </test-method> <!-- LogoutAfterLogin -->
        <test-method status="PASS" signature="tearDown()[pri:0, instance:roi4cio.TestLoginPage@5622fdf]" name="tearDown" is-config="true" duration-ms="274" started-at="2016-12-03T12:31:15Z" finished-at="2016-12-03T12:31:15Z">
          <reporter-output>
          </reporter-output>
        </test-method> <!-- tearDown -->
        <test-method status="PASS" signature="setUp()[pri:0, instance:roi4cio.TestLoginPage@5622fdf]" name="setUp" is-config="true" duration-ms="8553" started-at="2016-12-03T12:31:15Z" finished-at="2016-12-03T12:31:23Z">
          <reporter-output>
          </reporter-output>
        </test-method> <!-- setUp -->
        <test-method status="PASS" signature="PasswordFieldIsEmpty()[pri:0, instance:roi4cio.TestLoginPage@5622fdf]" name="PasswordFieldIsEmpty" duration-ms="2343" started-at="2016-12-03T12:31:23Z" finished-at="2016-12-03T12:31:26Z">
          <reporter-output>
          </reporter-output>
        </test-method> <!-- PasswordFieldIsEmpty -->
        <test-method status="PASS" signature="tearDown()[pri:0, instance:roi4cio.TestLoginPage@5622fdf]" name="tearDown" is-config="true" duration-ms="306" started-at="2016-12-03T12:31:26Z" finished-at="2016-12-03T12:31:26Z">
          <reporter-output>
          </reporter-output>
        </test-method> <!-- tearDown -->
        <test-method status="FAIL" signature="setUp()[pri:0, instance:roi4cio.TestLoginPage@5622fdf]" name="setUp" is-config="true" duration-ms="0" started-at="2016-12-03T12:31:26Z" finished-at="2016-12-03T12:31:26Z">
          <exception class="org.openqa.selenium.WebDriverException">
            <message>
              <![CDATA[Failed to decode response from marionette
Build info: version: '3.0.1', revision: '1969d75', time: '2016-10-18 09:49:13 -0700'
System info: host: 'DESKTOP-HEOVU1M', ip: '192.168.0.102', os.name: 'Windows 10', os.arch: 'amd64', os.version: '10.0', java.version: '1.8.0_91'
Driver info: org.openqa.selenium.firefox.FirefoxDriver
Capabilities [{rotatable=false, raisesAccessibilityExceptions=false, marionette=true, firefoxOptions={args=[], prefs={}}, appBuildId=20161129173726, version=, platform=XP, proxy={}, command_id=1, specificationLevel=0, acceptSslCerts=false, processId=5164, browserVersion=50.0.2, platformVersion=10.0, XULappId={ec8030f7-c20a-464f-9b0e-13a3a9e97384}, browserName=firefox, takesScreenshot=true, takesElementScreenshot=true, platformName=windows_nt}]
Session ID: b30462d9-8626-49de-a035-2ea038e30529]]>
            </message>
            <full-stacktrace>
              <![CDATA[org.openqa.selenium.WebDriverException: Failed to decode response from marionette
Build info: version: '3.0.1', revision: '1969d75', time: '2016-10-18 09:49:13 -0700'
System info: host: 'DESKTOP-HEOVU1M', ip: '192.168.0.102', os.name: 'Windows 10', os.arch: 'amd64', os.version: '10.0', java.version: '1.8.0_91'
Driver info: org.openqa.selenium.firefox.FirefoxDriver
Capabilities [{rotatable=false, raisesAccessibilityExceptions=false, marionette=true, firefoxOptions={args=[], prefs={}}, appBuildId=20161129173726, version=, platform=XP, proxy={}, command_id=1, specificationLevel=0, acceptSslCerts=false, processId=5164, browserVersion=50.0.2, platformVersion=10.0, XULappId={ec8030f7-c20a-464f-9b0e-13a3a9e97384}, browserName=firefox, takesScreenshot=true, takesElementScreenshot=true, platformName=windows_nt}]
Session ID: b30462d9-8626-49de-a035-2ea038e30529
	at sun.reflect.NativeConstructorAccessorImpl.newInstance0(Native Method)
	at sun.reflect.NativeConstructorAccessorImpl.newInstance(NativeConstructorAccessorImpl.java:62)
	at sun.reflect.DelegatingConstructorAccessorImpl.newInstance(DelegatingConstructorAccessorImpl.java:45)
	at java.lang.reflect.Constructor.newInstance(Constructor.java:423)
	at org.openqa.selenium.remote.http.W3CHttpResponseCodec.createException(W3CHttpResponseCodec.java:127)
	at org.openqa.selenium.remote.http.W3CHttpResponseCodec.decode(W3CHttpResponseCodec.java:93)
	at org.openqa.selenium.remote.http.W3CHttpResponseCodec.decode(W3CHttpResponseCodec.java:42)
	at org.openqa.selenium.remote.HttpCommandExecutor.execute(HttpCommandExecutor.java:163)
	at org.openqa.selenium.remote.service.DriverCommandExecutor.execute(DriverCommandExecutor.java:82)
	at org.openqa.selenium.remote.RemoteWebDriver.execute(RemoteWebDriver.java:601)
	at org.openqa.selenium.remote.RemoteWebDriver.get(RemoteWebDriver.java:322)
	at roi4cio.login.ROI4CIO.roi4cioHomePage(ROI4CIO.java:21)
	at roi4cio.TestLoginPage.setUp(TestLoginPage.java:27)
	at sun.reflect.NativeMethodAccessorImpl.invoke0(Native Method)
	at sun.reflect.NativeMethodAccessorImpl.invoke(NativeMethodAccessorImpl.java:62)
	at sun.reflect.DelegatingMethodAccessorImpl.invoke(DelegatingMethodAccessorImpl.java:43)
	at java.lang.reflect.Method.invoke(Method.java:498)
	at org.testng.internal.MethodInvocationHelper.invokeMethod(MethodInvocationHelper.java:86)
	at org.testng.internal.Invoker.invokeConfigurationMethod(Invoker.java:514)
	at org.testng.internal.Invoker.invokeConfigurations(Invoker.java:215)
	at org.testng.internal.Invoker.invokeMethod(Invoker.java:589)
	at org.testng.internal.Invoker.invokeTestMethod(Invoker.java:820)
	at org.testng.internal.Invoker.invokeTestMethods(Invoker.java:1128)
	at org.testng.internal.TestMethodWorker.invokeTestMethods(TestMethodWorker.java:129)
	at org.testng.internal.TestMethodWorker.run(TestMethodWorker.java:112)
	at org.testng.TestRunner.privateRun(TestRunner.java:782)
	at org.testng.TestRunner.run(TestRunner.java:632)
	at org.testng.SuiteRunner.runTest(SuiteRunner.java:366)
	at org.testng.SuiteRunner.runSequentially(SuiteRunner.java:361)
	at org.testng.SuiteRunner.privateRun(SuiteRunner.java:319)
	at org.testng.SuiteRunner.run(SuiteRunner.java:268)
	at org.testng.SuiteRunnerWorker.runSuite(SuiteRunnerWorker.java:52)
	at org.testng.SuiteRunnerWorker.run(SuiteRunnerWorker.java:86)
	at org.testng.TestNG.runSuitesSequentially(TestNG.java:1244)
	at org.testng.TestNG.runSuitesLocally(TestNG.java:1169)
	at org.testng.TestNG.run(TestNG.java:1064)
	at org.apache.maven.surefire.testng.TestNGExecutor.run(TestNGExecutor.java:132)
	at org.apache.maven.surefire.testng.TestNGDirectoryTestSuite.executeMulti(TestNGDirectoryTestSuite.java:193)
	at org.apache.maven.surefire.testng.TestNGDirectoryTestSuite.execute(TestNGDirectoryTestSuite.java:94)
	at org.apache.maven.surefire.testng.TestNGProvider.invoke(TestNGProvider.java:147)
	at org.apache.maven.surefire.booter.ForkedBooter.invokeProviderInSameClassLoader(ForkedBooter.java:290)
	at org.apache.maven.surefire.booter.ForkedBooter.runSuitesInProcess(ForkedBooter.java:242)
	at org.apache.maven.surefire.booter.ForkedBooter.main(ForkedBooter.java:121)
]]>
            </full-stacktrace>
          </exception> <!-- org.openqa.selenium.WebDriverException -->
          <reporter-output>
          </reporter-output>
        </test-method> <!-- setUp -->
        <test-method status="SKIP" signature="ValidInputDataForlogin()[pri:0, instance:roi4cio.TestLoginPage@5622fdf]" name="ValidInputDataForlogin" duration-ms="0" started-at="2016-12-03T12:31:31Z" finished-at="2016-12-03T12:31:31Z">
          <reporter-output>
          </reporter-output>
        </test-method> <!-- ValidInputDataForlogin -->
        <test-method status="FAIL" signature="tearDown()[pri:0, instance:roi4cio.TestLoginPage@5622fdf]" name="tearDown" is-config="true" duration-ms="0" started-at="2016-12-03T12:31:31Z" finished-at="2016-12-03T12:31:31Z">
          <exception class="org.openqa.selenium.WebDriverException">
            <message>
              <![CDATA[Tried to run command without establishing a connection
Build info: version: '3.0.1', revision: '1969d75', time: '2016-10-18 09:49:13 -0700'
System info: host: 'DESKTOP-HEOVU1M', ip: '192.168.0.102', os.name: 'Windows 10', os.arch: 'amd64', os.version: '10.0', java.version: '1.8.0_91'
Driver info: org.openqa.selenium.firefox.FirefoxDriver
Capabilities [{rotatable=false, raisesAccessibilityExceptions=false, marionette=true, firefoxOptions={args=[], prefs={}}, appBuildId=20161129173726, version=, platform=XP, proxy={}, command_id=1, specificationLevel=0, acceptSslCerts=false, processId=5164, browserVersion=50.0.2, platformVersion=10.0, XULappId={ec8030f7-c20a-464f-9b0e-13a3a9e97384}, browserName=firefox, takesScreenshot=true, takesElementScreenshot=true, platformName=windows_nt}]
Session ID: b30462d9-8626-49de-a035-2ea038e30529]]>
            </message>
            <full-stacktrace>
              <![CDATA[org.openqa.selenium.WebDriverException: Tried to run command without establishing a connection
Build info: version: '3.0.1', revision: '1969d75', time: '2016-10-18 09:49:13 -0700'
System info: host: 'DESKTOP-HEOVU1M', ip: '192.168.0.102', os.name: 'Windows 10', os.arch: 'amd64', os.version: '10.0', java.version: '1.8.0_91'
Driver info: org.openqa.selenium.firefox.FirefoxDriver
Capabilities [{rotatable=false, raisesAccessibilityExceptions=false, marionette=true, firefoxOptions={args=[], prefs={}}, appBuildId=20161129173726, version=, platform=XP, proxy={}, command_id=1, specificationLevel=0, acceptSslCerts=false, processId=5164, browserVersion=50.0.2, platformVersion=10.0, XULappId={ec8030f7-c20a-464f-9b0e-13a3a9e97384}, browserName=firefox, takesScreenshot=true, takesElementScreenshot=true, platformName=windows_nt}]
Session ID: b30462d9-8626-49de-a035-2ea038e30529
	at sun.reflect.NativeConstructorAccessorImpl.newInstance0(Native Method)
	at sun.reflect.NativeConstructorAccessorImpl.newInstance(NativeConstructorAccessorImpl.java:62)
	at sun.reflect.DelegatingConstructorAccessorImpl.newInstance(DelegatingConstructorAccessorImpl.java:45)
	at java.lang.reflect.Constructor.newInstance(Constructor.java:423)
	at org.openqa.selenium.remote.http.W3CHttpResponseCodec.createException(W3CHttpResponseCodec.java:127)
	at org.openqa.selenium.remote.http.W3CHttpResponseCodec.decode(W3CHttpResponseCodec.java:93)
	at org.openqa.selenium.remote.http.W3CHttpResponseCodec.decode(W3CHttpResponseCodec.java:42)
	at org.openqa.selenium.remote.HttpCommandExecutor.execute(HttpCommandExecutor.java:163)
	at org.openqa.selenium.remote.service.DriverCommandExecutor.execute(DriverCommandExecutor.java:82)
	at org.openqa.selenium.remote.RemoteWebDriver.execute(RemoteWebDriver.java:601)
	at org.openqa.selenium.remote.RemoteWebDriver.execute(RemoteWebDriver.java:658)
	at org.openqa.selenium.remote.RemoteWebDriver.quit(RemoteWebDriver.java:497)
	at roi4cio.login.ROI4CIO.close(ROI4CIO.java:29)
	at roi4cio.TestLoginPage.tearDown(TestLoginPage.java:76)
	at sun.reflect.NativeMethodAccessorImpl.invoke0(Native Method)
	at sun.reflect.NativeMethodAccessorImpl.invoke(NativeMethodAccessorImpl.java:62)
	at sun.reflect.DelegatingMethodAccessorImpl.invoke(DelegatingMethodAccessorImpl.java:43)
	at java.lang.reflect.Method.invoke(Method.java:498)
	at org.testng.internal.MethodInvocationHelper.invokeMethod(MethodInvocationHelper.java:86)
	at org.testng.internal.Invoker.invokeConfigurationMethod(Invoker.java:514)
	at org.testng.internal.Invoker.invokeConfigurations(Invoker.java:215)
	at org.testng.internal.Invoker.invokeMethod(Invoker.java:707)
	at org.testng.internal.Invoker.invokeTestMethod(Invoker.java:820)
	at org.testng.internal.Invoker.invokeTestMethods(Invoker.java:1128)
	at org.testng.internal.TestMethodWorker.invokeTestMethods(TestMethodWorker.java:129)
	at org.testng.internal.TestMethodWorker.run(TestMethodWorker.java:112)
	at org.testng.TestRunner.privateRun(TestRunner.java:782)
	at org.testng.TestRunner.run(TestRunner.java:632)
	at org.testng.SuiteRunner.runTest(SuiteRunner.java:366)
	at org.testng.SuiteRunner.runSequentially(SuiteRunner.java:361)
	at org.testng.SuiteRunner.privateRun(SuiteRunner.java:319)
	at org.testng.SuiteRunner.run(SuiteRunner.java:268)
	at org.testng.SuiteRunnerWorker.runSuite(SuiteRunnerWorker.java:52)
	at org.testng.SuiteRunnerWorker.run(SuiteRunnerWorker.java:86)
	at org.testng.TestNG.runSuitesSequentially(TestNG.java:1244)
	at org.testng.TestNG.runSuitesLocally(TestNG.java:1169)
	at org.testng.TestNG.run(TestNG.java:1064)
	at org.apache.maven.surefire.testng.TestNGExecutor.run(TestNGExecutor.java:132)
	at org.apache.maven.surefire.testng.TestNGDirectoryTestSuite.executeMulti(TestNGDirectoryTestSuite.java:193)
	at org.apache.maven.surefire.testng.TestNGDirectoryTestSuite.execute(TestNGDirectoryTestSuite.java:94)
	at org.apache.maven.surefire.testng.TestNGProvider.invoke(TestNGProvider.java:147)
	at org.apache.maven.surefire.booter.ForkedBooter.invokeProviderInSameClassLoader(ForkedBooter.java:290)
	at org.apache.maven.surefire.booter.ForkedBooter.runSuitesInProcess(ForkedBooter.java:242)
	at org.apache.maven.surefire.booter.ForkedBooter.main(ForkedBooter.java:121)
]]>
            </full-stacktrace>
          </exception> <!-- org.openqa.selenium.WebDriverException -->
          <reporter-output>
          </reporter-output>
        </test-method> <!-- tearDown -->
      </class> <!-- roi4cio.TestLoginPage -->
      <class name="roi4cio.TestAddProduct">
        <test-method status="PASS" signature="setUp()[pri:0, instance:roi4cio.TestAddProduct@6093dd95]" name="setUp" is-config="true" duration-ms="12537" started-at="2016-12-03T12:26:18Z" finished-at="2016-12-03T12:26:31Z">
          <reporter-output>
          </reporter-output>
        </test-method> <!-- setUp -->
        <test-method status="PASS" signature="testAddPdocutWithEmptyDeliveryAndCategory()[pri:0, instance:roi4cio.TestAddProduct@6093dd95]" name="testAddPdocutWithEmptyDeliveryAndCategory" duration-ms="6507" started-at="2016-12-03T12:26:31Z" finished-at="2016-12-03T12:26:37Z">
          <reporter-output>
          </reporter-output>
        </test-method> <!-- testAddPdocutWithEmptyDeliveryAndCategory -->
        <test-method status="PASS" signature="tearDown()[pri:0, instance:roi4cio.TestAddProduct@6093dd95]" name="tearDown" is-config="true" duration-ms="361" started-at="2016-12-03T12:26:37Z" finished-at="2016-12-03T12:26:37Z">
          <reporter-output>
          </reporter-output>
        </test-method> <!-- tearDown -->
        <test-method status="PASS" signature="setUp()[pri:0, instance:roi4cio.TestAddProduct@6093dd95]" name="setUp" is-config="true" duration-ms="10685" started-at="2016-12-03T12:26:37Z" finished-at="2016-12-03T12:26:48Z">
          <reporter-output>
          </reporter-output>
        </test-method> <!-- setUp -->
        <test-method status="PASS" signature="testAddProductCickOnYesInConfirmationPopup()[pri:0, instance:roi4cio.TestAddProduct@6093dd95]" name="testAddProductCickOnYesInConfirmationPopup" duration-ms="10265" started-at="2016-12-03T12:26:48Z" finished-at="2016-12-03T12:26:58Z">
          <reporter-output>
          </reporter-output>
        </test-method> <!-- testAddProductCickOnYesInConfirmationPopup -->
        <test-method status="PASS" signature="tearDown()[pri:0, instance:roi4cio.TestAddProduct@6093dd95]" name="tearDown" is-config="true" duration-ms="290" started-at="2016-12-03T12:26:58Z" finished-at="2016-12-03T12:26:59Z">
          <reporter-output>
          </reporter-output>
        </test-method> <!-- tearDown -->
        <test-method status="PASS" signature="setUp()[pri:0, instance:roi4cio.TestAddProduct@6093dd95]" name="setUp" is-config="true" duration-ms="11757" started-at="2016-12-03T12:26:59Z" finished-at="2016-12-03T12:27:10Z">
          <reporter-output>
          </reporter-output>
        </test-method> <!-- setUp -->
        <test-method status="PASS" signature="testAddProductCickOnYesInConfirmationPopupAfterErrors()[pri:0, instance:roi4cio.TestAddProduct@6093dd95]" name="testAddProductCickOnYesInConfirmationPopupAfterErrors" duration-ms="12005" started-at="2016-12-03T12:27:10Z" finished-at="2016-12-03T12:27:22Z">
          <reporter-output>
          </reporter-output>
        </test-method> <!-- testAddProductCickOnYesInConfirmationPopupAfterErrors -->
        <test-method status="PASS" signature="tearDown()[pri:0, instance:roi4cio.TestAddProduct@6093dd95]" name="tearDown" is-config="true" duration-ms="316" started-at="2016-12-03T12:27:22Z" finished-at="2016-12-03T12:27:23Z">
          <reporter-output>
          </reporter-output>
        </test-method> <!-- tearDown -->
        <test-method status="PASS" signature="setUp()[pri:0, instance:roi4cio.TestAddProduct@6093dd95]" name="setUp" is-config="true" duration-ms="10992" started-at="2016-12-03T12:27:23Z" finished-at="2016-12-03T12:27:34Z">
          <reporter-output>
          </reporter-output>
        </test-method> <!-- setUp -->
        <test-method status="FAIL" signature="testAddProductConfirmationPopup()[pri:0, instance:roi4cio.TestAddProduct@6093dd95]" name="testAddProductConfirmationPopup" duration-ms="35596" started-at="2016-12-03T12:27:34Z" finished-at="2016-12-03T12:28:09Z">
          <exception class="org.openqa.selenium.TimeoutException">
            <message>
              <![CDATA[Expected condition failed: waiting for visibility of all elements located by By.xpath: //*[@class='modal_template_1'] (tried for 10 second(s) with 500 MILLISECONDS interval)
Build info: version: '3.0.1', revision: '1969d75', time: '2016-10-18 09:49:13 -0700'
System info: host: 'DESKTOP-HEOVU1M', ip: '192.168.0.102', os.name: 'Windows 10', os.arch: 'amd64', os.version: '10.0', java.version: '1.8.0_91'
Driver info: org.openqa.selenium.firefox.FirefoxDriver
Capabilities [{rotatable=false, raisesAccessibilityExceptions=false, marionette=true, firefoxOptions={args=[], prefs={}}, appBuildId=20161129173726, version=, platform=XP, proxy={}, command_id=1, specificationLevel=0, acceptSslCerts=false, processId=3912, browserVersion=50.0.2, platformVersion=10.0, XULappId={ec8030f7-c20a-464f-9b0e-13a3a9e97384}, browserName=firefox, takesScreenshot=true, takesElementScreenshot=true, platformName=windows_nt}]
Session ID: 21ec3319-668f-4d27-b94e-a99cd3e9300b]]>
            </message>
            <full-stacktrace>
              <![CDATA[org.openqa.selenium.TimeoutException: Expected condition failed: waiting for visibility of all elements located by By.xpath: //*[@class='modal_template_1'] (tried for 10 second(s) with 500 MILLISECONDS interval)
Build info: version: '3.0.1', revision: '1969d75', time: '2016-10-18 09:49:13 -0700'
System info: host: 'DESKTOP-HEOVU1M', ip: '192.168.0.102', os.name: 'Windows 10', os.arch: 'amd64', os.version: '10.0', java.version: '1.8.0_91'
Driver info: org.openqa.selenium.firefox.FirefoxDriver
Capabilities [{rotatable=false, raisesAccessibilityExceptions=false, marionette=true, firefoxOptions={args=[], prefs={}}, appBuildId=20161129173726, version=, platform=XP, proxy={}, command_id=1, specificationLevel=0, acceptSslCerts=false, processId=3912, browserVersion=50.0.2, platformVersion=10.0, XULappId={ec8030f7-c20a-464f-9b0e-13a3a9e97384}, browserName=firefox, takesScreenshot=true, takesElementScreenshot=true, platformName=windows_nt}]
Session ID: 21ec3319-668f-4d27-b94e-a99cd3e9300b
	at org.openqa.selenium.support.ui.WebDriverWait.timeoutException(WebDriverWait.java:80)
	at org.openqa.selenium.support.ui.FluentWait.until(FluentWait.java:265)
	at roi4cio.login.AddProductPage.Popup(AddProductPage.java:123)
	at roi4cio.TestAddProduct.testAddProductConfirmationPopup(TestAddProduct.java:118)
	at sun.reflect.NativeMethodAccessorImpl.invoke0(Native Method)
	at sun.reflect.NativeMethodAccessorImpl.invoke(NativeMethodAccessorImpl.java:62)
	at sun.reflect.DelegatingMethodAccessorImpl.invoke(DelegatingMethodAccessorImpl.java:43)
	at java.lang.reflect.Method.invoke(Method.java:498)
	at org.testng.internal.MethodInvocationHelper.invokeMethod(MethodInvocationHelper.java:86)
	at org.testng.internal.Invoker.invokeMethod(Invoker.java:643)
	at org.testng.internal.Invoker.invokeTestMethod(Invoker.java:820)
	at org.testng.internal.Invoker.invokeTestMethods(Invoker.java:1128)
	at org.testng.internal.TestMethodWorker.invokeTestMethods(TestMethodWorker.java:129)
	at org.testng.internal.TestMethodWorker.run(TestMethodWorker.java:112)
	at org.testng.TestRunner.privateRun(TestRunner.java:782)
	at org.testng.TestRunner.run(TestRunner.java:632)
	at org.testng.SuiteRunner.runTest(SuiteRunner.java:366)
	at org.testng.SuiteRunner.runSequentially(SuiteRunner.java:361)
	at org.testng.SuiteRunner.privateRun(SuiteRunner.java:319)
	at org.testng.SuiteRunner.run(SuiteRunner.java:268)
	at org.testng.SuiteRunnerWorker.runSuite(SuiteRunnerWorker.java:52)
	at org.testng.SuiteRunnerWorker.run(SuiteRunnerWorker.java:86)
	at org.testng.TestNG.runSuitesSequentially(TestNG.java:1244)
	at org.testng.TestNG.runSuitesLocally(TestNG.java:1169)
	at org.testng.TestNG.run(TestNG.java:1064)
	at org.apache.maven.surefire.testng.TestNGExecutor.run(TestNGExecutor.java:132)
	at org.apache.maven.surefire.testng.TestNGDirectoryTestSuite.executeMulti(TestNGDirectoryTestSuite.java:193)
	at org.apache.maven.surefire.testng.TestNGDirectoryTestSuite.execute(TestNGDirectoryTestSuite.java:94)
	at org.apache.maven.surefire.testng.TestNGProvider.invoke(TestNGProvider.java:147)
	at org.apache.maven.surefire.booter.ForkedBooter.invokeProviderInSameClassLoader(ForkedBooter.java:290)
	at org.apache.maven.surefire.booter.ForkedBooter.runSuitesInProcess(ForkedBooter.java:242)
	at org.apache.maven.surefire.booter.ForkedBooter.main(ForkedBooter.java:121)
]]>
            </full-stacktrace>
          </exception> <!-- org.openqa.selenium.TimeoutException -->
          <reporter-output>
          </reporter-output>
        </test-method> <!-- testAddProductConfirmationPopup -->
        <test-method status="PASS" signature="tearDown()[pri:0, instance:roi4cio.TestAddProduct@6093dd95]" name="tearDown" is-config="true" duration-ms="282" started-at="2016-12-03T12:28:09Z" finished-at="2016-12-03T12:28:10Z">
          <reporter-output>
          </reporter-output>
        </test-method> <!-- tearDown -->
        <test-method status="PASS" signature="setUp()[pri:0, instance:roi4cio.TestAddProduct@6093dd95]" name="setUp" is-config="true" duration-ms="10837" started-at="2016-12-03T12:28:10Z" finished-at="2016-12-03T12:28:21Z">
          <reporter-output>
          </reporter-output>
        </test-method> <!-- setUp -->
        <test-method status="PASS" signature="testAddProductWithEmptyAllFields()[pri:0, instance:roi4cio.TestAddProduct@6093dd95]" name="testAddProductWithEmptyAllFields" duration-ms="7465" started-at="2016-12-03T12:28:21Z" finished-at="2016-12-03T12:28:28Z">
          <reporter-output>
          </reporter-output>
        </test-method> <!-- testAddProductWithEmptyAllFields -->
        <test-method status="PASS" signature="tearDown()[pri:0, instance:roi4cio.TestAddProduct@6093dd95]" name="tearDown" is-config="true" duration-ms="417" started-at="2016-12-03T12:28:28Z" finished-at="2016-12-03T12:28:28Z">
          <reporter-output>
          </reporter-output>
        </test-method> <!-- tearDown -->
        <test-method status="PASS" signature="setUp()[pri:0, instance:roi4cio.TestAddProduct@6093dd95]" name="setUp" is-config="true" duration-ms="10811" started-at="2016-12-03T12:28:28Z" finished-at="2016-12-03T12:28:39Z">
          <reporter-output>
          </reporter-output>
        </test-method> <!-- setUp -->
        <test-method status="PASS" signature="testAddProductWithEmptyCategory()[pri:0, instance:roi4cio.TestAddProduct@6093dd95]" name="testAddProductWithEmptyCategory" duration-ms="6690" started-at="2016-12-03T12:28:39Z" finished-at="2016-12-03T12:28:46Z">
          <reporter-output>
          </reporter-output>
        </test-method> <!-- testAddProductWithEmptyCategory -->
        <test-method status="PASS" signature="tearDown()[pri:0, instance:roi4cio.TestAddProduct@6093dd95]" name="tearDown" is-config="true" duration-ms="376" started-at="2016-12-03T12:28:46Z" finished-at="2016-12-03T12:28:46Z">
          <reporter-output>
          </reporter-output>
        </test-method> <!-- tearDown -->
        <test-method status="PASS" signature="setUp()[pri:0, instance:roi4cio.TestAddProduct@6093dd95]" name="setUp" is-config="true" duration-ms="10182" started-at="2016-12-03T12:28:46Z" finished-at="2016-12-03T12:28:56Z">
          <reporter-output>
          </reporter-output>
        </test-method> <!-- setUp -->
        <test-method status="PASS" signature="testAddProductWithEmptyMandatoryFields()[pri:0, instance:roi4cio.TestAddProduct@6093dd95]" name="testAddProductWithEmptyMandatoryFields" duration-ms="7520" started-at="2016-12-03T12:28:56Z" finished-at="2016-12-03T12:29:04Z">
          <reporter-output>
          </reporter-output>
        </test-method> <!-- testAddProductWithEmptyMandatoryFields -->
        <test-method status="PASS" signature="tearDown()[pri:0, instance:roi4cio.TestAddProduct@6093dd95]" name="tearDown" is-config="true" duration-ms="362" started-at="2016-12-03T12:29:04Z" finished-at="2016-12-03T12:29:04Z">
          <reporter-output>
          </reporter-output>
        </test-method> <!-- tearDown -->
        <test-method status="PASS" signature="setUp()[pri:0, instance:roi4cio.TestAddProduct@6093dd95]" name="setUp" is-config="true" duration-ms="10651" started-at="2016-12-03T12:29:04Z" finished-at="2016-12-03T12:29:15Z">
          <reporter-output>
          </reporter-output>
        </test-method> <!-- setUp -->
        <test-method status="PASS" signature="testAddProductWithFilledAllFields()[pri:0, instance:roi4cio.TestAddProduct@6093dd95]" name="testAddProductWithFilledAllFields" duration-ms="13134" started-at="2016-12-03T12:29:15Z" finished-at="2016-12-03T12:29:28Z">
          <reporter-output>
          </reporter-output>
        </test-method> <!-- testAddProductWithFilledAllFields -->
        <test-method status="PASS" signature="tearDown()[pri:0, instance:roi4cio.TestAddProduct@6093dd95]" name="tearDown" is-config="true" duration-ms="255" started-at="2016-12-03T12:29:28Z" finished-at="2016-12-03T12:29:28Z">
          <reporter-output>
          </reporter-output>
        </test-method> <!-- tearDown -->
        <test-method status="PASS" signature="setUp()[pri:0, instance:roi4cio.TestAddProduct@6093dd95]" name="setUp" is-config="true" duration-ms="12876" started-at="2016-12-03T12:29:28Z" finished-at="2016-12-03T12:29:41Z">
          <reporter-output>
          </reporter-output>
        </test-method> <!-- setUp -->
        <test-method status="PASS" signature="testAddProductWithoutCountry()[pri:0, instance:roi4cio.TestAddProduct@6093dd95]" name="testAddProductWithoutCountry" duration-ms="8849" started-at="2016-12-03T12:29:41Z" finished-at="2016-12-03T12:29:50Z">
          <reporter-output>
          </reporter-output>
        </test-method> <!-- testAddProductWithoutCountry -->
        <test-method status="PASS" signature="tearDown()[pri:0, instance:roi4cio.TestAddProduct@6093dd95]" name="tearDown" is-config="true" duration-ms="293" started-at="2016-12-03T12:29:50Z" finished-at="2016-12-03T12:29:50Z">
          <reporter-output>
          </reporter-output>
        </test-method> <!-- tearDown -->
        <test-method status="PASS" signature="setUp()[pri:0, instance:roi4cio.TestAddProduct@6093dd95]" name="setUp" is-config="true" duration-ms="11159" started-at="2016-12-03T12:29:50Z" finished-at="2016-12-03T12:30:02Z">
          <reporter-output>
          </reporter-output>
        </test-method> <!-- setUp -->
        <test-method status="PASS" signature="testAddProduct()[pri:1, instance:roi4cio.TestAddProduct@6093dd95]" name="testAddProduct" duration-ms="6453" started-at="2016-12-03T12:30:02Z" finished-at="2016-12-03T12:30:08Z">
          <reporter-output>
          </reporter-output>
        </test-method> <!-- testAddProduct -->
        <test-method status="PASS" signature="tearDown()[pri:0, instance:roi4cio.TestAddProduct@6093dd95]" name="tearDown" is-config="true" duration-ms="260" started-at="2016-12-03T12:30:08Z" finished-at="2016-12-03T12:30:08Z">
          <reporter-output>
          </reporter-output>
        </test-method> <!-- tearDown -->
        <test-method status="PASS" signature="setUp()[pri:0, instance:roi4cio.TestAddProduct@6093dd95]" name="setUp" is-config="true" duration-ms="13289" started-at="2016-12-03T12:30:08Z" finished-at="2016-12-03T12:30:22Z">
          <reporter-output>
          </reporter-output>
        </test-method> <!-- setUp -->
        <test-method status="FAIL" signature="testAddProductWithSameName()[pri:2, instance:roi4cio.TestAddProduct@6093dd95]" name="testAddProductWithSameName" duration-ms="6723" started-at="2016-12-03T12:30:22Z" finished-at="2016-12-03T12:30:28Z">
          <exception class="java.lang.AssertionError">
            <message>
              <![CDATA[Product with the same title couldn't be created expected [false] but found [true]]]>
            </message>
            <full-stacktrace>
              <![CDATA[java.lang.AssertionError: Product with the same title couldn't be created expected [false] but found [true]
	at org.testng.Assert.fail(Assert.java:94)
	at org.testng.Assert.failNotEquals(Assert.java:513)
	at org.testng.Assert.assertFalse(Assert.java:63)
	at roi4cio.TestAddProduct.testAddProductWithSameName(TestAddProduct.java:52)
	at sun.reflect.NativeMethodAccessorImpl.invoke0(Native Method)
	at sun.reflect.NativeMethodAccessorImpl.invoke(NativeMethodAccessorImpl.java:62)
	at sun.reflect.DelegatingMethodAccessorImpl.invoke(DelegatingMethodAccessorImpl.java:43)
	at java.lang.reflect.Method.invoke(Method.java:498)
	at org.testng.internal.MethodInvocationHelper.invokeMethod(MethodInvocationHelper.java:86)
	at org.testng.internal.Invoker.invokeMethod(Invoker.java:643)
	at org.testng.internal.Invoker.invokeTestMethod(Invoker.java:820)
	at org.testng.internal.Invoker.invokeTestMethods(Invoker.java:1128)
	at org.testng.internal.TestMethodWorker.invokeTestMethods(TestMethodWorker.java:129)
	at org.testng.internal.TestMethodWorker.run(TestMethodWorker.java:112)
	at org.testng.TestRunner.privateRun(TestRunner.java:782)
	at org.testng.TestRunner.run(TestRunner.java:632)
	at org.testng.SuiteRunner.runTest(SuiteRunner.java:366)
	at org.testng.SuiteRunner.runSequentially(SuiteRunner.java:361)
	at org.testng.SuiteRunner.privateRun(SuiteRunner.java:319)
	at org.testng.SuiteRunner.run(SuiteRunner.java:268)
	at org.testng.SuiteRunnerWorker.runSuite(SuiteRunnerWorker.java:52)
	at org.testng.SuiteRunnerWorker.run(SuiteRunnerWorker.java:86)
	at org.testng.TestNG.runSuitesSequentially(TestNG.java:1244)
	at org.testng.TestNG.runSuitesLocally(TestNG.java:1169)
	at org.testng.TestNG.run(TestNG.java:1064)
	at org.apache.maven.surefire.testng.TestNGExecutor.run(TestNGExecutor.java:132)
	at org.apache.maven.surefire.testng.TestNGDirectoryTestSuite.executeMulti(TestNGDirectoryTestSuite.java:193)
	at org.apache.maven.surefire.testng.TestNGDirectoryTestSuite.execute(TestNGDirectoryTestSuite.java:94)
	at org.apache.maven.surefire.testng.TestNGProvider.invoke(TestNGProvider.java:147)
	at org.apache.maven.surefire.booter.ForkedBooter.invokeProviderInSameClassLoader(ForkedBooter.java:290)
	at org.apache.maven.surefire.booter.ForkedBooter.runSuitesInProcess(ForkedBooter.java:242)
	at org.apache.maven.surefire.booter.ForkedBooter.main(ForkedBooter.java:121)
]]>
            </full-stacktrace>
          </exception> <!-- java.lang.AssertionError -->
          <reporter-output>
          </reporter-output>
        </test-method> <!-- testAddProductWithSameName -->
        <test-method status="PASS" signature="tearDown()[pri:0, instance:roi4cio.TestAddProduct@6093dd95]" name="tearDown" is-config="true" duration-ms="269" started-at="2016-12-03T12:30:28Z" finished-at="2016-12-03T12:30:29Z">
          <reporter-output>
          </reporter-output>
        </test-method> <!-- tearDown -->
      </class> <!-- roi4cio.TestAddProduct -->
    </test> <!-- Surefire test -->
  </suite> <!-- Surefire suite -->
</testng-results>
